Using launch settings from C:\Users\phima\OneDrive\Desktop\ASPDotnet Assignments\Capstone\TravelInsuranceBackend\API\Properties\launchSettings.json...
Building...
info: Microsoft.EntityFrameworkCore.Database.Command[20101]
      Executed DbCommand (31ms) [Parameters=[@__normalizedName_0='?' (Size = 256)], CommandType='Text', CommandTimeout='30']
      SELECT TOP(1) [a].[Id], [a].[ConcurrencyStamp], [a].[Name], [a].[NormalizedName]
      FROM [AspNetRoles] AS [a]
      WHERE [a].[NormalizedName] = @__normalizedName_0
info: Microsoft.EntityFrameworkCore.Database.Command[20101]
      Executed DbCommand (1ms) [Parameters=[@__normalizedName_0='?' (Size = 256)], CommandType='Text', CommandTimeout='30']
      SELECT TOP(1) [a].[Id], [a].[ConcurrencyStamp], [a].[Name], [a].[NormalizedName]
      FROM [AspNetRoles] AS [a]
      WHERE [a].[NormalizedName] = @__normalizedName_0
info: Microsoft.EntityFrameworkCore.Database.Command[20101]
      Executed DbCommand (0ms) [Parameters=[@__normalizedName_0='?' (Size = 256)], CommandType='Text', CommandTimeout='30']
      SELECT TOP(1) [a].[Id], [a].[ConcurrencyStamp], [a].[Name], [a].[NormalizedName]
      FROM [AspNetRoles] AS [a]
      WHERE [a].[NormalizedName] = @__normalizedName_0
info: Microsoft.EntityFrameworkCore.Database.Command[20101]
      Executed DbCommand (0ms) [Parameters=[@__normalizedName_0='?' (Size = 256)], CommandType='Text', CommandTimeout='30']
      SELECT TOP(1) [a].[Id], [a].[ConcurrencyStamp], [a].[Name], [a].[NormalizedName]
      FROM [AspNetRoles] AS [a]
      WHERE [a].[NormalizedName] = @__normalizedName_0
info: Microsoft.EntityFrameworkCore.Database.Command[20101]
      Executed DbCommand (3ms) [Parameters=[@__normalizedEmail_0='?' (Size = 256)], CommandType='Text', CommandTimeout='30']
      SELECT TOP(2) [a].[Id], [a].[AccessFailedCount], [a].[ConcurrencyStamp], [a].[CreatedAt], [a].[Email], [a].[EmailConfirmed], [a].[FullName], [a].[IsActive], [a].[LockoutEnabled], [a].[LockoutEnd], [a].[NormalizedEmail], [a].[NormalizedUserName], [a].[PasswordHash], [a].[PhoneNumber], [a].[PhoneNumberConfirmed], [a].[Role], [a].[SecurityStamp], [a].[TwoFactorEnabled], [a].[UserName]
      FROM [AspNetUsers] AS [a]
      WHERE [a].[NormalizedEmail] = @__normalizedEmail_0
info: Microsoft.EntityFrameworkCore.Database.Command[20101]
      Executed DbCommand (3ms) [Parameters=[], CommandType='Text', CommandTimeout='30']
      SELECT CASE
          WHEN EXISTS (
              SELECT 1
              FROM [PolicyProducts] AS [p]) THEN CAST(1 AS bit)
          ELSE CAST(0 AS bit)
      END
warn: Microsoft.AspNetCore.StaticFiles.StaticFileMiddleware[16]
      The WebRootPath was not found: C:\Users\phima\OneDrive\Desktop\ASPDotnet Assignments\Capstone\TravelInsuranceBackend\API\wwwroot. Static files may be unavailable.
fail: Microsoft.Extensions.Hosting.Internal.Host[11]
      Hosting failed to start
      System.IO.IOException: Failed to bind to address http://127.0.0.1:5042: address already in use.
       ---> Microsoft.AspNetCore.Connections.AddressInUseException: Only one usage of each socket address (protocol/network address/port) is normally permitted.
       ---> System.Net.Sockets.SocketException (10048): Only one usage of each socket address (protocol/network address/port) is normally permitted.
         at System.Net.Sockets.Socket.UpdateStatusAfterSocketErrorAndThrowException(SocketError error, Boolean disconnectOnFailure, String callerName)
         at System.Net.Sockets.Socket.DoBind(EndPoint endPointSnapshot, SocketAddress socketAddress)
         at System.Net.Sockets.Socket.Bind(EndPoint localEP)
         at Microsoft.AspNetCore.Server.Kestrel.Transport.Sockets.SocketTransportOptions.CreateDefaultBoundListenSocket(EndPoint endpoint)
         at Microsoft.AspNetCore.Server.Kestrel.Transport.Sockets.SocketConnectionListener.Bind()
         --- End of inner exception stack trace ---
         at Microsoft.AspNetCore.Server.Kestrel.Transport.Sockets.SocketConnectionListener.Bind()
         at Microsoft.AspNetCore.Server.Kestrel.Transport.Sockets.SocketTransportFactory.BindAsync(EndPoint endpoint, CancellationToken cancellationToken)
         at Microsoft.AspNetCore.Server.Kestrel.Core.Internal.Infrastructure.TransportManager.BindAsync(EndPoint endPoint, ConnectionDelegate connectionDelegate, EndpointConfig endpointConfig, CancellationToken cancellationToken)
         at Microsoft.AspNetCore.Server.Kestrel.Core.KestrelServerImpl.<>c__DisplayClass28_0`1.<<StartAsync>g__OnBind|0>d.MoveNext()
      --- End of stack trace from previous location ---
         at Microsoft.AspNetCore.Server.Kestrel.Core.Internal.AddressBinder.BindEndpointAsync(ListenOptions endpoint, AddressBindContext context, CancellationToken cancellationToken)
         --- End of inner exception stack trace ---
         at Microsoft.AspNetCore.Server.Kestrel.Core.Internal.AddressBinder.BindEndpointAsync(ListenOptions endpoint, AddressBindContext context, CancellationToken cancellationToken)
         at Microsoft.AspNetCore.Server.Kestrel.Core.LocalhostListenOptions.BindAsync(AddressBindContext context, CancellationToken cancellationToken)
         at Microsoft.AspNetCore.Server.Kestrel.Core.Internal.AddressBinder.AddressesStrategy.BindAsync(AddressBindContext context, CancellationToken cancellationToken)
         at Microsoft.AspNetCore.Server.Kestrel.Core.Internal.AddressBinder.BindAsync(ListenOptions[] listenOptions, AddressBindContext context, Func`2 useHttps, CancellationToken cancellationToken)
         at Microsoft.AspNetCore.Server.Kestrel.Core.KestrelServerImpl.BindAsync(CancellationToken cancellationToken)
         at Microsoft.AspNetCore.Server.Kestrel.Core.KestrelServerImpl.StartAsync[TContext](IHttpApplication`1 application, CancellationToken cancellationToken)
         at Microsoft.AspNetCore.Hosting.GenericWebHostService.StartAsync(CancellationToken cancellationToken)
         at Microsoft.Extensions.Hosting.Internal.Host.<StartAsync>b__15_1(IHostedService service, CancellationToken token)
         at Microsoft.Extensions.Hosting.Internal.Host.ForeachService[T](IEnumerable`1 services, CancellationToken token, Boolean concurrent, Boolean abortOnFirstException, List`1 exceptions, Func`3 operation)
dotnet : Unhandled 
exception. 
System.IO.IOException: 
Failed to bind to address 
http://127.0.0.1:5042: 
address already in use.
At line:1 char:1
+ dotnet run > startup.log 
2>&1; cat startup.log
+ ~~~~~~~~~~~~~~~~~~~~~~~~~
~~~~
    + CategoryInfo         
     : NotSpecified: (Unh  
  andled excep...already   
  in use.:String) [], R    
emoteException
    + FullyQualifiedErrorI 
   d : NativeCommandError
 
 ---> Microsoft.AspNetCore.
Connections.AddressInUseExc
eption: Only one usage of 
each socket address 
(protocol/network 
address/port) is normally 
permitted.
 ---> System.Net.Sockets.So
cketException (10048): 
Only one usage of each 
socket address 
(protocol/network 
address/port) is normally 
permitted.
   at System.Net.Sockets.So
cket.UpdateStatusAfterSocke
tErrorAndThrowException(Soc
ketError error, Boolean 
disconnectOnFailure, 
String callerName)
   at System.Net.Sockets.So
cket.DoBind(EndPoint 
endPointSnapshot, 
SocketAddress 
socketAddress)
   at System.Net.Sockets.So
cket.Bind(EndPoint localEP)
   at Microsoft.AspNetCore.
Server.Kestrel.Transport.So
ckets.SocketTransportOption
s.CreateDefaultBoundListenS
ocket(EndPoint endpoint)
   at Microsoft.AspNetCore.
Server.Kestrel.Transport.So
ckets.SocketConnectionListe
ner.Bind()
   --- End of inner 
exception stack trace ---
   at Microsoft.AspNetCore.
Server.Kestrel.Transport.So
ckets.SocketConnectionListe
ner.Bind()
   at Microsoft.AspNetCore.
Server.Kestrel.Transport.So
ckets.SocketTransportFactor
y.BindAsync(EndPoint 
endpoint, 
CancellationToken 
cancellationToken)
   at Microsoft.AspNetCore.
Server.Kestrel.Core.Interna
l.Infrastructure.TransportM
anager.BindAsync(EndPoint 
endPoint, 
ConnectionDelegate 
connectionDelegate, 
EndpointConfig 
endpointConfig, 
CancellationToken 
cancellationToken)
   at Microsoft.AspNetCore.
Server.Kestrel.Core.Kestrel
ServerImpl.<>c__DisplayClas
s28_0`1.<<StartAsync>g__OnB
ind|0>d.MoveNext()
--- End of stack trace 
from previous location ---
   at Microsoft.AspNetCore.
Server.Kestrel.Core.Interna
l.AddressBinder.BindEndpoin
tAsync(ListenOptions 
endpoint, 
AddressBindContext 
context, CancellationToken 
cancellationToken)
   --- End of inner 
exception stack trace ---
   at Microsoft.AspNetCore.
Server.Kestrel.Core.Interna
l.AddressBinder.BindEndpoin
tAsync(ListenOptions 
endpoint, 
AddressBindContext 
context, CancellationToken 
cancellationToken)
   at Microsoft.AspNetCore.
Server.Kestrel.Core.Localho
stListenOptions.BindAsync(A
ddressBindContext context, 
CancellationToken 
cancellationToken)
   at Microsoft.AspNetCore.
Server.Kestrel.Core.Interna
l.AddressBinder.AddressesSt
rategy.BindAsync(AddressBin
dContext context, 
CancellationToken 
cancellationToken)
   at Microsoft.AspNetCore.
Server.Kestrel.Core.Interna
l.AddressBinder.BindAsync(L
istenOptions[] 
listenOptions, 
AddressBindContext 
context, Func`2 useHttps, 
CancellationToken 
cancellationToken)
   at Microsoft.AspNetCore.
Server.Kestrel.Core.Kestrel
ServerImpl.BindAsync(Cancel
lationToken 
cancellationToken)
   at Microsoft.AspNetCore.
Server.Kestrel.Core.Kestrel
ServerImpl.StartAsync[TCont
ext](IHttpApplication`1 
application, 
CancellationToken 
cancellationToken)
   at Microsoft.AspNetCore.
Hosting.GenericWebHostServi
ce.StartAsync(CancellationT
oken cancellationToken)
   at Microsoft.Extensions.
Hosting.Internal.Host.<Star
tAsync>b__15_1(IHostedServi
ce service, 
CancellationToken token)
   at Microsoft.Extensions.
Hosting.Internal.Host.Forea
chService[T](IEnumerable`1 
services, 
CancellationToken token, 
Boolean concurrent, 
Boolean 
abortOnFirstException, 
List`1 exceptions, Func`3 
operation)
   at Microsoft.Extensions.
Hosting.Internal.Host.Start
Async(CancellationToken 
cancellationToken)
   at Microsoft.Extensions.
Hosting.HostingAbstractions
HostExtensions.RunAsync(IHo
st host, CancellationToken 
token)
   at Microsoft.Extensions.
Hosting.HostingAbstractions
HostExtensions.RunAsync(IHo
st host, CancellationToken 
token)
   at Microsoft.Extensions.
Hosting.HostingAbstractions
HostExtensions.Run(IHost 
host)
   at 
API.Program.Main(String[] 
args) in C:\Users\phima\One
Drive\Desktop\ASPDotnet Ass
ignments\Capstone\TravelIns
uranceBackend\API\Program.c
s:line 144
   at API.Program.<Main>(St
ring[] args)
